C:\Windows\System32\PROJECTS\project1\server.js:73
server.on('error', (err) => {
^

ReferenceError: server is not defined
    at Object.<anonymous> (C:\Windows\System32\PROJECTS\project1\server.js:73:1)
    at Module._compile (node:internal/modules/cjs/loader:1546:14)
    at Object..js (node:internal/modules/cjs/loader:1698:10)
    at Module.load (node:internal/modules/cjs/loader:1303:32)
    at Function._load (node:internal/modules/cjs/loader:1117:12)
    at TracingChannel.traceSync (node:diagnostics_channel:322:14)
    at wrapModuleLoad (node:internal/modules/cjs/loader:218:24)
    at Function.executeUserEntryPoint [as runMain] (node:internal/modules/run_main:170:5)
    at node:internal/main/run_main_module:36:49

Node.js v23.3.0
C:\Windows\System32\PROJECTS\project1\server.js:73
server.on('error', (err) => {
^

ReferenceError: server is not defined
    at Object.<anonymous> (C:\Windows\System32\PROJECTS\project1\server.js:73:1)
    at Module._compile (node:internal/modules/cjs/loader:1546:14)
    at Object..js (node:internal/modules/cjs/loader:1698:10)
    at Module.load (node:internal/modules/cjs/loader:1303:32)
    at Function._load (node:internal/modules/cjs/loader:1117:12)
    at TracingChannel.traceSync (node:diagnostics_channel:322:14)
    at wrapModuleLoad (node:internal/modules/cjs/loader:218:24)
    at Function.executeUserEntryPoint [as runMain] (node:internal/modules/run_main:170:5)
    at node:internal/main/run_main_module:36:49

Node.js v23.3.0
Port 3300 is already in use. Please use a different port.
Port 3300 is already in use. Please use a different port.
Port 3300 is already in use. Please use a different port.
Port 3300 is already in use. Please use a different port.
There was an uncaught error Error: listen EADDRINUSE: address already in use :::3300
    at Server.setupListenHandle [as _listen2] (node:net:1912:16)
    at listenInCluster (node:net:1969:12)
    at Server.listen (node:net:2074:7)
    at Function.listen (C:\Windows\System32\PROJECTS\project1\node_modules\express\lib\application.js:635:24)
    at Object.<anonymous> (C:\Windows\System32\PROJECTS\project1\server.js:69:5)
    at Module._compile (node:internal/modules/cjs/loader:1546:14)
    at Object..js (node:internal/modules/cjs/loader:1698:10)
    at Module.load (node:internal/modules/cjs/loader:1303:32)
    at Function._load (node:internal/modules/cjs/loader:1117:12)
    at TracingChannel.traceSync (node:diagnostics_channel:322:14) {
  code: 'EADDRINUSE',
  errno: -4091,
  syscall: 'listen',
  address: '::',
  port: 3300
}
Port 3300 is already in use. Please use a different port.
Port 3300 is already in use. Please use a different port.
Port 3300 is already in use. Please use a different port.
Port 3300 is already in use. Please use a different port.
Port 3300 is already in use. Please use a different port.
There was an uncaught error Error: listen EADDRINUSE: address already in use :::3300
    at Server.setupListenHandle [as _listen2] (node:net:1912:16)
    at listenInCluster (node:net:1969:12)
    at Server.listen (node:net:2074:7)
    at Function.listen (C:\Windows\System32\PROJECTS\project1\node_modules\express\lib\application.js:635:24)
    at Object.<anonymous> (C:\Windows\System32\PROJECTS\project1\server.js:84:5)
    at Module._compile (node:internal/modules/cjs/loader:1546:14)
    at Object..js (node:internal/modules/cjs/loader:1698:10)
    at Module.load (node:internal/modules/cjs/loader:1303:32)
    at Function._load (node:internal/modules/cjs/loader:1117:12)
    at TracingChannel.traceSync (node:diagnostics_channel:322:14) {
  code: 'EADDRINUSE',
  errno: -4091,
  syscall: 'listen',
  address: '::',
  port: 3300
}
C:\Windows\System32\PROJECTS\project1\server.js:17
const User = mongoose.model('User', userSchema);
                                    ^

ReferenceError: Cannot access 'userSchema' before initialization
    at Object.<anonymous> (C:\Windows\System32\PROJECTS\project1\server.js:17:37)
    at Module._compile (node:internal/modules/cjs/loader:1546:14)
    at Object..js (node:internal/modules/cjs/loader:1698:10)
    at Module.load (node:internal/modules/cjs/loader:1303:32)
    at Function._load (node:internal/modules/cjs/loader:1117:12)
    at TracingChannel.traceSync (node:diagnostics_channel:322:14)
    at wrapModuleLoad (node:internal/modules/cjs/loader:218:24)
    at Function.executeUserEntryPoint [as runMain] (node:internal/modules/run_main:170:5)
    at node:internal/main/run_main_module:36:49

Node.js v23.3.0
C:\Windows\System32\PROJECTS\project1\server.js:17
const User = mongoose.model('User', userSchema);
                                    ^

ReferenceError: Cannot access 'userSchema' before initialization
    at Object.<anonymous> (C:\Windows\System32\PROJECTS\project1\server.js:17:37)
    at Module._compile (node:internal/modules/cjs/loader:1546:14)
    at Object..js (node:internal/modules/cjs/loader:1698:10)
    at Module.load (node:internal/modules/cjs/loader:1303:32)
    at Function._load (node:internal/modules/cjs/loader:1117:12)
    at TracingChannel.traceSync (node:diagnostics_channel:322:14)
    at wrapModuleLoad (node:internal/modules/cjs/loader:218:24)
    at Function.executeUserEntryPoint [as runMain] (node:internal/modules/run_main:170:5)
    at node:internal/main/run_main_module:36:49

Node.js v23.3.0
C:\Windows\System32\PROJECTS\project1\server.js:17
const User = mongoose.model('User', userSchema);
                                    ^

ReferenceError: Cannot access 'userSchema' before initialization
    at Object.<anonymous> (C:\Windows\System32\PROJECTS\project1\server.js:17:37)
    at Module._compile (node:internal/modules/cjs/loader:1546:14)
    at Object..js (node:internal/modules/cjs/loader:1698:10)
    at Module.load (node:internal/modules/cjs/loader:1303:32)
    at Function._load (node:internal/modules/cjs/loader:1117:12)
    at TracingChannel.traceSync (node:diagnostics_channel:322:14)
    at wrapModuleLoad (node:internal/modules/cjs/loader:218:24)
    at Function.executeUserEntryPoint [as runMain] (node:internal/modules/run_main:170:5)
    at node:internal/main/run_main_module:36:49

Node.js v23.3.0
node:internal/modules/cjs/loader:1242
  throw err;
  ^

Error: Cannot find module 'C:\Windows\System32\PROJECTS\project1\server.js'
    at Function._resolveFilename (node:internal/modules/cjs/loader:1239:15)
    at Function._load (node:internal/modules/cjs/loader:1064:27)
    at TracingChannel.traceSync (node:diagnostics_channel:322:14)
    at wrapModuleLoad (node:internal/modules/cjs/loader:218:24)
    at Function.executeUserEntryPoint [as runMain] (node:internal/modules/run_main:170:5)
    at node:internal/main/run_main_module:36:49 {
  code: 'MODULE_NOT_FOUND',
  requireStack: []
}

Node.js v23.3.0
Port 3300 is already in use. Please use a different port.
